<?xml version="1.0" encoding="UTF-8"?>
<!-- Generated by org.testng.reporters.JUnitXMLReporter -->
<testsuite ignored="0" hostname="Mani" failures="0" tests="6" name="Test" time="25.745" errors="0" timestamp="29 Dec 2023 01:48:20 GMT">
  <testcase classname="testScenarios.TestMethods_GoogleSearch2" name="SearchOptions" time="2.536"/>
  <testcase classname="testScenarios.TestMethods_GoogleSearch" name="SearchOptions" time="2.695"/>
  <testcase classname="testScenarios.TestMethods_GoogleSearch2" name="verifyAndAccessFacebook" time="0.822"/>
  <testcase classname="testScenarios.TestMethods_GoogleSearch" name="verifyAndAccessFacebook" time="0.965"/>
  <testcase classname="testScenarios.TestMethods_GoogleSearch2" name="F_LoginPage" time="1.078"/>
  <testcase classname="testScenarios.TestMethods_GoogleSearch" name="F_LoginPage" time="1.166"/>
</testsuite> <!-- Test -->
